<?xml version="1.0" encoding="UTF-8"?>
<!-- Generated by org.testng.reporters.JUnitXMLReporter -->
<testsuite ignored="0" hostname="LAPTOP-THN35HTB" failures="1" tests="1" name="Default test" time="0.498" errors="0" timestamp="2025-12-30T21:26:34 IST">
  <testcase classname="io.cucumber.testng.AbstractTestNGCucumberTests" name="runScenario" time="0.061">
    <failure type="java.lang.Error" message="Unresolved compilation problem: 
	The method initDriver() in the type DriverManager is not applicable for the arguments (String)
">
      <![CDATA[java.lang.Error: Unresolved compilation problem: 
The method initDriver() in the type DriverManager is not applicable for the arguments (String)

at com.framework.base.Hooks.setUp(Hooks.java:39)
]]>
    </failure>
  </testcase> <!-- runScenario -->
</testsuite> <!-- Default test -->
