-------------------------------------------------------------------------------
Test set: com.framework.runners.TestRunner
-------------------------------------------------------------------------------
Tests run: 4, Failures: 3, Errors: 0, Skipped: 0, Time elapsed: 41.27 s <<< FAILURE! -- in com.framework.runners.TestRunner
com.framework.runners.TestRunner.runScenario["User should be able to complete checkout successfully", "SauceDemo Checkout Flow"](1) -- Time elapsed: 14.30 s <<< FAILURE!
org.openqa.selenium.TimeoutException: 
Expected condition failed: waiting for element to be clickable: By.id: checkout (tried for 10 second(s) with 500 milliseconds interval)
Build info: version: '4.18.1', revision: 'b1d3319b48'
System info: os.name: 'Windows 11', os.arch: 'amd64', os.version: '10.0', java.version: '17.0.17'
Driver info: org.openqa.selenium.chrome.ChromeDriver
Capabilities {acceptInsecureCerts: false, browserName: chrome, browserVersion: 143.0.7499.170, chrome: {chromedriverVersion: 143.0.7499.169 (164b20aab62..., userDataDir: C:\Users\SHABIN~1\AppData\L...}, fedcm:accounts: true, goog:chromeOptions: {debuggerAddress: localhost:61910}, goog:processID: 11480, networkConnectionEnabled: false, pageLoadStrategy: normal, platformName: windows, proxy: Proxy(), se:cdp: ws://localhost:61910/devtoo..., se:cdpVersion: 143.0.7499.170, setWindowRect: true, strictFileInteractability: false, timeouts: {implicit: 0, pageLoad: 300000, script: 30000}, unhandledPromptBehavior: dismiss and notify, webauthn:extension:credBlob: true, webauthn:extension:largeBlob: true, webauthn:extension:minPinLength: true, webauthn:extension:prf: true, webauthn:virtualAuthenticators: true}
Session ID: 44b97850c71ed2888ee8570083a95601
	at org.openqa.selenium.support.ui.WebDriverWait.timeoutException(WebDriverWait.java:84)
	at org.openqa.selenium.support.ui.FluentWait.until(FluentWait.java:228)
	at com.framework.action.ActionUtil.waitForClickable(ActionUtil.java:30)
	at com.framework.action.ActionUtil.click(ActionUtil.java:42)
	at com.framework.pages.CartPage.clickCheckout(CartPage.java:19)
	at com.framework.steps.CheckoutSteps.user_proceeds_to_checkout(CheckoutSteps.java:37)
	at ✽.user proceeds to checkout(file:///D:/Software/Automation/WebAutomation/bdd-web-automation/src/test/resources/features/SauceDemoCheckout.feature:11)

com.framework.runners.TestRunner.runScenario["User should see error when checkout details are missing", "SauceDemo Checkout Validation"](2) -- Time elapsed: 12.55 s <<< FAILURE!
org.openqa.selenium.TimeoutException: 
Expected condition failed: waiting for element to be clickable: By.id: checkout (tried for 10 second(s) with 500 milliseconds interval)
Build info: version: '4.18.1', revision: 'b1d3319b48'
System info: os.name: 'Windows 11', os.arch: 'amd64', os.version: '10.0', java.version: '17.0.17'
Driver info: org.openqa.selenium.chrome.ChromeDriver
Capabilities {acceptInsecureCerts: false, browserName: chrome, browserVersion: 143.0.7499.170, chrome: {chromedriverVersion: 143.0.7499.169 (164b20aab62..., userDataDir: C:\Users\SHABIN~1\AppData\L...}, fedcm:accounts: true, goog:chromeOptions: {debuggerAddress: localhost:51016}, goog:processID: 15420, networkConnectionEnabled: false, pageLoadStrategy: normal, platformName: windows, proxy: Proxy(), se:cdp: ws://localhost:51016/devtoo..., se:cdpVersion: 143.0.7499.170, setWindowRect: true, strictFileInteractability: false, timeouts: {implicit: 0, pageLoad: 300000, script: 30000}, unhandledPromptBehavior: dismiss and notify, webauthn:extension:credBlob: true, webauthn:extension:largeBlob: true, webauthn:extension:minPinLength: true, webauthn:extension:prf: true, webauthn:virtualAuthenticators: true}
Session ID: af6db83693238be129dd797f50916be0
	at org.openqa.selenium.support.ui.WebDriverWait.timeoutException(WebDriverWait.java:84)
	at org.openqa.selenium.support.ui.FluentWait.until(FluentWait.java:228)
	at com.framework.action.ActionUtil.waitForClickable(ActionUtil.java:30)
	at com.framework.action.ActionUtil.click(ActionUtil.java:42)
	at com.framework.pages.CartPage.clickCheckout(CartPage.java:19)
	at com.framework.steps.CheckoutSteps.user_proceeds_to_checkout(CheckoutSteps.java:37)
	at ✽.user proceeds to checkout(file:///D:/Software/Automation/WebAutomation/bdd-web-automation/src/test/resources/features/SauceDemoCheckoutValidation.feature:11)

com.framework.runners.TestRunner.runScenario["User should see error when checkout details are missing", "SauceDemo Checkout Validation"](3) -- Time elapsed: 12.46 s <<< FAILURE!
org.openqa.selenium.TimeoutException: 
Expected condition failed: waiting for element to be clickable: By.id: checkout (tried for 10 second(s) with 500 milliseconds interval)
Build info: version: '4.18.1', revision: 'b1d3319b48'
System info: os.name: 'Windows 11', os.arch: 'amd64', os.version: '10.0', java.version: '17.0.17'
Driver info: org.openqa.selenium.chrome.ChromeDriver
Capabilities {acceptInsecureCerts: false, browserName: chrome, browserVersion: 143.0.7499.170, chrome: {chromedriverVersion: 143.0.7499.169 (164b20aab62..., userDataDir: C:\Users\SHABIN~1\AppData\L...}, fedcm:accounts: true, goog:chromeOptions: {debuggerAddress: localhost:63828}, goog:processID: 11576, networkConnectionEnabled: false, pageLoadStrategy: normal, platformName: windows, proxy: Proxy(), se:cdp: ws://localhost:63828/devtoo..., se:cdpVersion: 143.0.7499.170, setWindowRect: true, strictFileInteractability: false, timeouts: {implicit: 0, pageLoad: 300000, script: 30000}, unhandledPromptBehavior: dismiss and notify, webauthn:extension:credBlob: true, webauthn:extension:largeBlob: true, webauthn:extension:minPinLength: true, webauthn:extension:prf: true, webauthn:virtualAuthenticators: true}
Session ID: c638cfdadd68690e38d6aa2044e0bb4f
	at org.openqa.selenium.support.ui.WebDriverWait.timeoutException(WebDriverWait.java:84)
	at org.openqa.selenium.support.ui.FluentWait.until(FluentWait.java:228)
	at com.framework.action.ActionUtil.waitForClickable(ActionUtil.java:30)
	at com.framework.action.ActionUtil.click(ActionUtil.java:42)
	at com.framework.pages.CartPage.clickCheckout(CartPage.java:19)
	at com.framework.steps.CheckoutSteps.user_proceeds_to_checkout(CheckoutSteps.java:37)
	at ✽.user proceeds to checkout(file:///D:/Software/Automation/WebAutomation/bdd-web-automation/src/test/resources/features/SauceDemoLogin.feature:11)

