<?xml version="1.0" encoding="UTF-8"?>
<testsuite xmlns:xsi="http://www.w3.org/2001/XMLSchema-instance" xsi:noNamespaceSchemaLocation="https://maven.apache.org/surefire/maven-surefire-plugin/xsd/surefire-test-report.xsd" version="3.0.1" name="com.framework.runners.TestRunner" time="41.27" tests="4" errors="0" skipped="0" failures="3">
  <properties>
[...]
</properties>
  <testcase name="runScenario[&quot;User should be able to complete checkout successfully&quot;, &quot;SauceDemo Checkout Flow&quot;](1)" classname="com.framework.runners.TestRunner" time="14.298">
    <failure message="Expected condition failed: waiting for element to be clickable: By.id: checkout (tried for 10 second(s) with 500 milliseconds interval)&#10;Build info: version: &apos;4.18.1&apos;, revision: &apos;b1d3319b48&apos;&#10;System info: os.name: &apos;Windows 11&apos;, os.arch: &apos;amd64&apos;, os.version: &apos;10.0&apos;, java.version: &apos;17.0.17&apos;&#10;Driver info: org.openqa.selenium.chrome.ChromeDriver&#10;Capabilities {acceptInsecureCerts: false, browserName: chrome, browserVersion: 143.0.7499.170, chrome: {chromedriverVersion: 143.0.7499.169 (164b20aab62..., userDataDir: C:\Users\SHABIN~1\AppData\L...}, fedcm:accounts: true, goog:chromeOptions: {debuggerAddress: localhost:61910}, goog:processID: 11480, networkConnectionEnabled: false, pageLoadStrategy: normal, platformName: windows, proxy: Proxy(), se:cdp: ws://localhost:61910/devtoo..., se:cdpVersion: 143.0.7499.170, setWindowRect: true, strictFileInteractability: false, timeouts: {implicit: 0, pageLoad: 300000, script: 30000}, unhandledPromptBehavior: dismiss and notify, webauthn:extension:credBlob: true, webauthn:extension:largeBlob: true, webauthn:extension:minPinLength: true, webauthn:extension:prf: true, webauthn:virtualAuthenticators: true}&#10;Session ID: 44b97850c71ed2888ee8570083a95601" type="org.openqa.selenium.TimeoutException"><![CDATA[org.openqa.selenium.TimeoutException: 
Expected condition failed: waiting for element to be clickable: By.id: checkout (tried for 10 second(s) with 500 milliseconds interval)
Build info: version: '4.18.1', revision: 'b1d3319b48'
System info: os.name: 'Windows 11', os.arch: 'amd64', os.version: '10.0', java.version: '17.0.17'
Driver info: org.openqa.selenium.chrome.ChromeDriver
Capabilities {acceptInsecureCerts: false, browserName: chrome, browserVersion: 143.0.7499.170, chrome: {chromedriverVersion: 143.0.7499.169 (164b20aab62..., userDataDir: C:\Users\SHABIN~1\AppData\L...}, fedcm:accounts: true, goog:chromeOptions: {debuggerAddress: localhost:61910}, goog:processID: 11480, networkConnectionEnabled: false, pageLoadStrategy: normal, platformName: windows, proxy: Proxy(), se:cdp: ws://localhost:61910/devtoo..., se:cdpVersion: 143.0.7499.170, setWindowRect: true, strictFileInteractability: false, timeouts: {implicit: 0, pageLoad: 300000, script: 30000}, unhandledPromptBehavior: dismiss and notify, webauthn:extension:credBlob: true, webauthn:extension:largeBlob: true, webauthn:extension:minPinLength: true, webauthn:extension:prf: true, webauthn:virtualAuthenticators: true}
Session ID: 44b97850c71ed2888ee8570083a95601
	at org.openqa.selenium.support.ui.WebDriverWait.timeoutException(WebDriverWait.java:84)
	at org.openqa.selenium.support.ui.FluentWait.until(FluentWait.java:228)
	at com.framework.action.ActionUtil.waitForClickable(ActionUtil.java:30)
	at com.framework.action.ActionUtil.click(ActionUtil.java:42)
	at com.framework.pages.CartPage.clickCheckout(CartPage.java:19)
	at com.framework.steps.CheckoutSteps.user_proceeds_to_checkout(CheckoutSteps.java:37)
	at ✽.user proceeds to checkout(file:///D:/Software/Automation/WebAutomation/bdd-web-automation/src/test/resources/features/SauceDemoCheckout.feature:11)
]]></failure>
    <system-out><![CDATA[
@Regression @Ignore
Scenario: User should be able to complete checkout successfully # src/test/resources/features/SauceDemoCheckout.feature:5
BROWSER = chrome
  Given user is on SauceDemo login page                         # com.framework.steps.SauceDemoSteps.user_is_on_sauce_demo_login_page()
  When user enters valid username and password                  # com.framework.steps.SauceDemoSteps.user_enters_valid_username_and_password()
  And clicks on login button                                    # com.framework.steps.SauceDemoSteps.clicks_on_login_button()
  And user adds a product to the cart                           # com.framework.steps.CheckoutSteps.user_adds_a_product_to_the_cart()
  And user navigates to cart                                    # com.framework.steps.CheckoutSteps.user_navigates_to_cart()
  And user proceeds to checkout                                 # com.framework.steps.CheckoutSteps.user_proceeds_to_checkout()
      org.openqa.selenium.TimeoutException: Expected condition failed: waiting for element to be clickable: By.id: checkout (tried for 10 second(s) with 500 milliseconds interval)
Build info: version: '4.18.1', revision: 'b1d3319b48'
System info: os.name: 'Windows 11', os.arch: 'amd64', os.version: '10.0', java.version: '17.0.17'
Driver info: org.openqa.selenium.chrome.ChromeDriver
Capabilities {acceptInsecureCerts: false, browserName: chrome, browserVersion: 143.0.7499.170, chrome: {chromedriverVersion: 143.0.7499.169 (164b20aab62..., userDataDir: C:\Users\SHABIN~1\AppData\L...}, fedcm:accounts: true, goog:chromeOptions: {debuggerAddress: localhost:61910}, goog:processID: 11480, networkConnectionEnabled: false, pageLoadStrategy: normal, platformName: windows, proxy: Proxy(), se:cdp: ws://localhost:61910/devtoo..., se:cdpVersion: 143.0.7499.170, setWindowRect: true, strictFileInteractability: false, timeouts: {implicit: 0, pageLoad: 300000, script: 30000}, unhandledPromptBehavior: dismiss and notify, webauthn:extension:credBlob: true, webauthn:extension:largeBlob: true, webauthn:extension:minPinLength: true, webauthn:extension:prf: true, webauthn:virtualAuthenticators: true}
Session ID: 44b97850c71ed2888ee8570083a95601
	at org.openqa.selenium.support.ui.WebDriverWait.timeoutException(WebDriverWait.java:84)
	at org.openqa.selenium.support.ui.FluentWait.until(FluentWait.java:228)
	at com.framework.action.ActionUtil.waitForClickable(ActionUtil.java:30)
	at com.framework.action.ActionUtil.click(ActionUtil.java:42)
	at com.framework.pages.CartPage.clickCheckout(CartPage.java:19)
	at com.framework.steps.CheckoutSteps.user_proceeds_to_checkout(CheckoutSteps.java:37)
	at âœ½.user proceeds to checkout(file:///D:/Software/Automation/WebAutomation/bdd-web-automation/src/test/resources/features/SauceDemoCheckout.feature:11)

  And user enters checkout details                              # com.framework.steps.CheckoutSteps.user_enters_checkout_details()
  And user completes the checkout                               # com.framework.steps.CheckoutSteps.user_completes_the_checkout()
  Then order confirmation message should be displayed           # com.framework.steps.CheckoutSteps.order_confirmation_message_should_be_displayed()
]]></system-out>
    <system-err><![CDATA[SLF4J: Failed to load class "org.slf4j.impl.StaticLoggerBinder".
SLF4J: Defaulting to no-operation (NOP) logger implementation
SLF4J: See http://www.slf4j.org/codes.html#StaticLoggerBinder for further details.
Dec 30, 2025 11:22:08 PM org.openqa.selenium.devtools.CdpVersionFinder findNearestMatch
WARNING: Unable to find CDP implementation matching 143
Dec 30, 2025 11:22:08 PM org.openqa.selenium.chromium.ChromiumDriver lambda$new$5
WARNING: Unable to find version of CDP to use for 143.0.7499.170. You may need to include a dependency on a specific version of the CDP using something similar to `org.seleniumhq.selenium:selenium-devtools-v86:4.18.1` where the version ("v86") matches the version of the chromium-based browser you're using and the version number of the artifact is the same as Selenium's.
]]></system-err>
  </testcase>
  <testcase name="runScenario[&quot;User should see error when checkout details are missing&quot;, &quot;SauceDemo Checkout Validation&quot;](2)" classname="com.framework.runners.TestRunner" time="12.546">
    <failure message="Expected condition failed: waiting for element to be clickable: By.id: checkout (tried for 10 second(s) with 500 milliseconds interval)&#10;Build info: version: &apos;4.18.1&apos;, revision: &apos;b1d3319b48&apos;&#10;System info: os.name: &apos;Windows 11&apos;, os.arch: &apos;amd64&apos;, os.version: &apos;10.0&apos;, java.version: &apos;17.0.17&apos;&#10;Driver info: org.openqa.selenium.chrome.ChromeDriver&#10;Capabilities {acceptInsecureCerts: false, browserName: chrome, browserVersion: 143.0.7499.170, chrome: {chromedriverVersion: 143.0.7499.169 (164b20aab62..., userDataDir: C:\Users\SHABIN~1\AppData\L...}, fedcm:accounts: true, goog:chromeOptions: {debuggerAddress: localhost:51016}, goog:processID: 15420, networkConnectionEnabled: false, pageLoadStrategy: normal, platformName: windows, proxy: Proxy(), se:cdp: ws://localhost:51016/devtoo..., se:cdpVersion: 143.0.7499.170, setWindowRect: true, strictFileInteractability: false, timeouts: {implicit: 0, pageLoad: 300000, script: 30000}, unhandledPromptBehavior: dismiss and notify, webauthn:extension:credBlob: true, webauthn:extension:largeBlob: true, webauthn:extension:minPinLength: true, webauthn:extension:prf: true, webauthn:virtualAuthenticators: true}&#10;Session ID: af6db83693238be129dd797f50916be0" type="org.openqa.selenium.TimeoutException"><![CDATA[org.openqa.selenium.TimeoutException: 
Expected condition failed: waiting for element to be clickable: By.id: checkout (tried for 10 second(s) with 500 milliseconds interval)
Build info: version: '4.18.1', revision: 'b1d3319b48'
System info: os.name: 'Windows 11', os.arch: 'amd64', os.version: '10.0', java.version: '17.0.17'
Driver info: org.openqa.selenium.chrome.ChromeDriver
Capabilities {acceptInsecureCerts: false, browserName: chrome, browserVersion: 143.0.7499.170, chrome: {chromedriverVersion: 143.0.7499.169 (164b20aab62..., userDataDir: C:\Users\SHABIN~1\AppData\L...}, fedcm:accounts: true, goog:chromeOptions: {debuggerAddress: localhost:51016}, goog:processID: 15420, networkConnectionEnabled: false, pageLoadStrategy: normal, platformName: windows, proxy: Proxy(), se:cdp: ws://localhost:51016/devtoo..., se:cdpVersion: 143.0.7499.170, setWindowRect: true, strictFileInteractability: false, timeouts: {implicit: 0, pageLoad: 300000, script: 30000}, unhandledPromptBehavior: dismiss and notify, webauthn:extension:credBlob: true, webauthn:extension:largeBlob: true, webauthn:extension:minPinLength: true, webauthn:extension:prf: true, webauthn:virtualAuthenticators: true}
Session ID: af6db83693238be129dd797f50916be0
	at org.openqa.selenium.support.ui.WebDriverWait.timeoutException(WebDriverWait.java:84)
	at org.openqa.selenium.support.ui.FluentWait.until(FluentWait.java:228)
	at com.framework.action.ActionUtil.waitForClickable(ActionUtil.java:30)
	at com.framework.action.ActionUtil.click(ActionUtil.java:42)
	at com.framework.pages.CartPage.clickCheckout(CartPage.java:19)
	at com.framework.steps.CheckoutSteps.user_proceeds_to_checkout(CheckoutSteps.java:37)
	at ✽.user proceeds to checkout(file:///D:/Software/Automation/WebAutomation/bdd-web-automation/src/test/resources/features/SauceDemoCheckoutValidation.feature:11)
]]></failure>
    <system-out><![CDATA[
@Regression @Ignore
Scenario: User should see error when checkout details are missing # src/test/resources/features/SauceDemoCheckoutValidation.feature:5
BROWSER = chrome
  Given user is on SauceDemo login page                           # com.framework.steps.SauceDemoSteps.user_is_on_sauce_demo_login_page()
  When user enters valid username and password                    # com.framework.steps.SauceDemoSteps.user_enters_valid_username_and_password()
  And clicks on login button                                      # com.framework.steps.SauceDemoSteps.clicks_on_login_button()
  And user adds a product to the cart                             # com.framework.steps.CheckoutSteps.user_adds_a_product_to_the_cart()
  And user navigates to cart                                      # com.framework.steps.CheckoutSteps.user_navigates_to_cart()
  And user proceeds to checkout                                   # com.framework.steps.CheckoutSteps.user_proceeds_to_checkout()
      org.openqa.selenium.TimeoutException: Expected condition failed: waiting for element to be clickable: By.id: checkout (tried for 10 second(s) with 500 milliseconds interval)
Build info: version: '4.18.1', revision: 'b1d3319b48'
System info: os.name: 'Windows 11', os.arch: 'amd64', os.version: '10.0', java.version: '17.0.17'
Driver info: org.openqa.selenium.chrome.ChromeDriver
Capabilities {acceptInsecureCerts: false, browserName: chrome, browserVersion: 143.0.7499.170, chrome: {chromedriverVersion: 143.0.7499.169 (164b20aab62..., userDataDir: C:\Users\SHABIN~1\AppData\L...}, fedcm:accounts: true, goog:chromeOptions: {debuggerAddress: localhost:51016}, goog:processID: 15420, networkConnectionEnabled: false, pageLoadStrategy: normal, platformName: windows, proxy: Proxy(), se:cdp: ws://localhost:51016/devtoo..., se:cdpVersion: 143.0.7499.170, setWindowRect: true, strictFileInteractability: false, timeouts: {implicit: 0, pageLoad: 300000, script: 30000}, unhandledPromptBehavior: dismiss and notify, webauthn:extension:credBlob: true, webauthn:extension:largeBlob: true, webauthn:extension:minPinLength: true, webauthn:extension:prf: true, webauthn:virtualAuthenticators: true}
Session ID: af6db83693238be129dd797f50916be0
	at org.openqa.selenium.support.ui.WebDriverWait.timeoutException(WebDriverWait.java:84)
	at org.openqa.selenium.support.ui.FluentWait.until(FluentWait.java:228)
	at com.framework.action.ActionUtil.waitForClickable(ActionUtil.java:30)
	at com.framework.action.ActionUtil.click(ActionUtil.java:42)
	at com.framework.pages.CartPage.clickCheckout(CartPage.java:19)
	at com.framework.steps.CheckoutSteps.user_proceeds_to_checkout(CheckoutSteps.java:37)
	at âœ½.user proceeds to checkout(file:///D:/Software/Automation/WebAutomation/bdd-web-automation/src/test/resources/features/SauceDemoCheckoutValidation.feature:11)

  And user continues checkout without entering details            # com.framework.steps.CheckoutSteps.user_continues_checkout_without_entering_details()
  Then error message should be displayed on checkout page         # com.framework.steps.CheckoutSteps.error_message_should_be_displayed_on_checkout_page()
]]></system-out>
    <system-err><![CDATA[Dec 30, 2025 11:22:21 PM org.openqa.selenium.devtools.CdpVersionFinder findNearestMatch
WARNING: Unable to find CDP implementation matching 143
Dec 30, 2025 11:22:21 PM org.openqa.selenium.chromium.ChromiumDriver lambda$new$5
WARNING: Unable to find version of CDP to use for 143.0.7499.170. You may need to include a dependency on a specific version of the CDP using something similar to `org.seleniumhq.selenium:selenium-devtools-v86:4.18.1` where the version ("v86") matches the version of the chromium-based browser you're using and the version number of the artifact is the same as Selenium's.
]]></system-err>
  </testcase>
  <testcase name="runScenario[&quot;User should see error when checkout details are missing&quot;, &quot;SauceDemo Checkout Validation&quot;](3)" classname="com.framework.runners.TestRunner" time="12.461">
    <failure message="Expected condition failed: waiting for element to be clickable: By.id: checkout (tried for 10 second(s) with 500 milliseconds interval)&#10;Build info: version: &apos;4.18.1&apos;, revision: &apos;b1d3319b48&apos;&#10;System info: os.name: &apos;Windows 11&apos;, os.arch: &apos;amd64&apos;, os.version: &apos;10.0&apos;, java.version: &apos;17.0.17&apos;&#10;Driver info: org.openqa.selenium.chrome.ChromeDriver&#10;Capabilities {acceptInsecureCerts: false, browserName: chrome, browserVersion: 143.0.7499.170, chrome: {chromedriverVersion: 143.0.7499.169 (164b20aab62..., userDataDir: C:\Users\SHABIN~1\AppData\L...}, fedcm:accounts: true, goog:chromeOptions: {debuggerAddress: localhost:63828}, goog:processID: 11576, networkConnectionEnabled: false, pageLoadStrategy: normal, platformName: windows, proxy: Proxy(), se:cdp: ws://localhost:63828/devtoo..., se:cdpVersion: 143.0.7499.170, setWindowRect: true, strictFileInteractability: false, timeouts: {implicit: 0, pageLoad: 300000, script: 30000}, unhandledPromptBehavior: dismiss and notify, webauthn:extension:credBlob: true, webauthn:extension:largeBlob: true, webauthn:extension:minPinLength: true, webauthn:extension:prf: true, webauthn:virtualAuthenticators: true}&#10;Session ID: c638cfdadd68690e38d6aa2044e0bb4f" type="org.openqa.selenium.TimeoutException"><![CDATA[org.openqa.selenium.TimeoutException: 
Expected condition failed: waiting for element to be clickable: By.id: checkout (tried for 10 second(s) with 500 milliseconds interval)
Build info: version: '4.18.1', revision: 'b1d3319b48'
System info: os.name: 'Windows 11', os.arch: 'amd64', os.version: '10.0', java.version: '17.0.17'
Driver info: org.openqa.selenium.chrome.ChromeDriver
Capabilities {acceptInsecureCerts: false, browserName: chrome, browserVersion: 143.0.7499.170, chrome: {chromedriverVersion: 143.0.7499.169 (164b20aab62..., userDataDir: C:\Users\SHABIN~1\AppData\L...}, fedcm:accounts: true, goog:chromeOptions: {debuggerAddress: localhost:63828}, goog:processID: 11576, networkConnectionEnabled: false, pageLoadStrategy: normal, platformName: windows, proxy: Proxy(), se:cdp: ws://localhost:63828/devtoo..., se:cdpVersion: 143.0.7499.170, setWindowRect: true, strictFileInteractability: false, timeouts: {implicit: 0, pageLoad: 300000, script: 30000}, unhandledPromptBehavior: dismiss and notify, webauthn:extension:credBlob: true, webauthn:extension:largeBlob: true, webauthn:extension:minPinLength: true, webauthn:extension:prf: true, webauthn:virtualAuthenticators: true}
Session ID: c638cfdadd68690e38d6aa2044e0bb4f
	at org.openqa.selenium.support.ui.WebDriverWait.timeoutException(WebDriverWait.java:84)
	at org.openqa.selenium.support.ui.FluentWait.until(FluentWait.java:228)
	at com.framework.action.ActionUtil.waitForClickable(ActionUtil.java:30)
	at com.framework.action.ActionUtil.click(ActionUtil.java:42)
	at com.framework.pages.CartPage.clickCheckout(CartPage.java:19)
	at com.framework.steps.CheckoutSteps.user_proceeds_to_checkout(CheckoutSteps.java:37)
	at ✽.user proceeds to checkout(file:///D:/Software/Automation/WebAutomation/bdd-web-automation/src/test/resources/features/SauceDemoLogin.feature:11)
]]></failure>
    <system-out><![CDATA[
@Regression @Ignore
Scenario: User should see error when checkout details are missing # src/test/resources/features/SauceDemoLogin.feature:5
BROWSER = chrome
  Given user is on SauceDemo login page                           # com.framework.steps.SauceDemoSteps.user_is_on_sauce_demo_login_page()
  When user enters valid username and password                    # com.framework.steps.SauceDemoSteps.user_enters_valid_username_and_password()
  And clicks on login button                                      # com.framework.steps.SauceDemoSteps.clicks_on_login_button()
  And user adds a product to the cart                             # com.framework.steps.CheckoutSteps.user_adds_a_product_to_the_cart()
  And user navigates to cart                                      # com.framework.steps.CheckoutSteps.user_navigates_to_cart()
  And user proceeds to checkout                                   # com.framework.steps.CheckoutSteps.user_proceeds_to_checkout()
      org.openqa.selenium.TimeoutException: Expected condition failed: waiting for element to be clickable: By.id: checkout (tried for 10 second(s) with 500 milliseconds interval)
Build info: version: '4.18.1', revision: 'b1d3319b48'
System info: os.name: 'Windows 11', os.arch: 'amd64', os.version: '10.0', java.version: '17.0.17'
Driver info: org.openqa.selenium.chrome.ChromeDriver
Capabilities {acceptInsecureCerts: false, browserName: chrome, browserVersion: 143.0.7499.170, chrome: {chromedriverVersion: 143.0.7499.169 (164b20aab62..., userDataDir: C:\Users\SHABIN~1\AppData\L...}, fedcm:accounts: true, goog:chromeOptions: {debuggerAddress: localhost:63828}, goog:processID: 11576, networkConnectionEnabled: false, pageLoadStrategy: normal, platformName: windows, proxy: Proxy(), se:cdp: ws://localhost:63828/devtoo..., se:cdpVersion: 143.0.7499.170, setWindowRect: true, strictFileInteractability: false, timeouts: {implicit: 0, pageLoad: 300000, script: 30000}, unhandledPromptBehavior: dismiss and notify, webauthn:extension:credBlob: true, webauthn:extension:largeBlob: true, webauthn:extension:minPinLength: true, webauthn:extension:prf: true, webauthn:virtualAuthenticators: true}
Session ID: c638cfdadd68690e38d6aa2044e0bb4f
	at org.openqa.selenium.support.ui.WebDriverWait.timeoutException(WebDriverWait.java:84)
	at org.openqa.selenium.support.ui.FluentWait.until(FluentWait.java:228)
	at com.framework.action.ActionUtil.waitForClickable(ActionUtil.java:30)
	at com.framework.action.ActionUtil.click(ActionUtil.java:42)
	at com.framework.pages.CartPage.clickCheckout(CartPage.java:19)
	at com.framework.steps.CheckoutSteps.user_proceeds_to_checkout(CheckoutSteps.java:37)
	at âœ½.user proceeds to checkout(file:///D:/Software/Automation/WebAutomation/bdd-web-automation/src/test/resources/features/SauceDemoLogin.feature:11)

  And user continues checkout without entering details            # com.framework.steps.CheckoutSteps.user_continues_checkout_without_entering_details()
  Then error message should be displayed on checkout page         # com.framework.steps.CheckoutSteps.error_message_should_be_displayed_on_checkout_page()
]]></system-out>
    <system-err><![CDATA[Dec 30, 2025 11:22:34 PM org.openqa.selenium.devtools.CdpVersionFinder findNearestMatch
WARNING: Unable to find CDP implementation matching 143
Dec 30, 2025 11:22:34 PM org.openqa.selenium.chromium.ChromiumDriver lambda$new$5
WARNING: Unable to find version of CDP to use for 143.0.7499.170. You may need to include a dependency on a specific version of the CDP using something similar to `org.seleniumhq.selenium:selenium-devtools-v86:4.18.1` where the version ("v86") matches the version of the chromium-based browser you're using and the version number of the artifact is the same as Selenium's.
]]></system-err>
  </testcase>
  <testcase name="runScenario[&quot;Simple smoke scenario&quot;, &quot;Smoke Check&quot;](4)" classname="com.framework.runners.TestRunner" time="1.432">
    <system-out><![CDATA[
Scenario: Simple smoke scenario         # src/test/resources/features/SmokeCheck.feature:3
BROWSER = chrome
  Given user is on SauceDemo login page # com.framework.steps.SauceDemoSteps.user_is_on_sauce_demo_login_page()
]]></system-out>
    <system-err><![CDATA[Dec 30, 2025 11:22:46 PM org.openqa.selenium.devtools.CdpVersionFinder findNearestMatch
WARNING: Unable to find CDP implementation matching 143
Dec 30, 2025 11:22:46 PM org.openqa.selenium.chromium.ChromiumDriver lambda$new$5
WARNING: Unable to find version of CDP to use for 143.0.7499.170. You may need to include a dependency on a specific version of the CDP using something similar to `org.seleniumhq.selenium:selenium-devtools-v86:4.18.1` where the version ("v86") matches the version of the chromium-based browser you're using and the version number of the artifact is the same as Selenium's.
]]></system-err>
  </testcase>
</testsuite>