<?xml version="1.0" encoding="UTF-8"?>
<!-- Generated by org.testng.reporters.JUnitReportReporter -->
<testsuite hostname="LAPTOP-THN35HTB" failures="0" tests="1" name="com.framework.runners.TestRunner" time="0.061" errors="1" timestamp="2025-12-30T21:26:34 IST" skipped="0">
  <testcase classname="com.framework.runners.TestRunner" name="runScenario" time="0.061">
    <error message="Unresolved compilation problem: 
	The method initDriver() in the type DriverManager is not applicable for the arguments (String)
" type="java.lang.Error">
      <![CDATA[java.lang.Error: Unresolved compilation problem: 
The method initDriver() in the type DriverManager is not applicable for the arguments (String)

at com.framework.base.Hooks.setUp(Hooks.java:39)
]]>
    </error>
  </testcase> <!-- runScenario -->
</testsuite> <!-- com.framework.runners.TestRunner -->
